[0.025s] Invoking command in '/home/curro/ROAR/ros2_ws/build/arduino_comm_cpp': CMAKE_PREFIX_PATH=/home/curro/ROAR/ros2_ws/install/roar_gokart_msgs:/home/curro/ROAR/ros2_ws/install/cpp_hello_udp:/home/curro/ROAR/ros2_ws/install/cpp_arduino_comm_usb:/home/curro/ROAR/ros2_ws/install/cpp_arduino_comm:/home/curro/ROAR/ros2_ws/install/arduino_comm_cpp:/home/curro/ROAR/ros2_ws/install/arduino_comm:/opt/ros/iron CONDA_PROMPT_MODIFIER=(base) /home/curro/anaconda3/bin/cmake --build /home/curro/ROAR/ros2_ws/build/arduino_comm_cpp -- -j8 -l8
[0.141s] [ 50%] [32mBuilding CXX object CMakeFiles/arduino_comm_node.dir/src/arduino_comm_node.cpp.o[0m
[3.476s] [01m[K/home/curro/ROAR/ros2_ws/src/arduino_comm_cpp/src/arduino_comm_node.cpp:[m[K In member function â€˜[01m[Kvoid roar::arduino::ArduinoCommunicatorNode::on_read_timer()[m[Kâ€™:
[3.477s] [01m[K/home/curro/ROAR/ros2_ws/src/arduino_comm_cpp/src/arduino_comm_node.cpp:80:22:[m[K [01;35m[Kwarning: [m[Kvariable â€˜[01m[Kstart_time[m[Kâ€™ set but not used [[01;35m[K]8;;https://gcc.gnu.org/onlinedocs/gcc/Warning-Options.html#index-Wunused-but-set-variable-Wunused-but-set-variable]8;;[m[K]
[3.477s]    80 |                 auto [01;35m[Kstart_time[m[K = std::chrono::high_resolution_clock::now();
[3.477s]       |                      [01;35m[K^~~~~~~~~~[m[K
[3.477s] [01m[K/home/curro/ROAR/ros2_ws/src/arduino_comm_cpp/src/arduino_comm_node.cpp:83:22:[m[K [01;35m[Kwarning: [m[Kvariable â€˜[01m[Kend_time[m[Kâ€™ set but not used [[01;35m[K]8;;https://gcc.gnu.org/onlinedocs/gcc/Warning-Options.html#index-Wunused-but-set-variable-Wunused-but-set-variable]8;;[m[K]
[3.477s]    83 |                 auto [01;35m[Kend_time[m[K = std::chrono::high_resolution_clock::now();
[3.477s]       |                      [01;35m[K^~~~~~~~[m[K
[3.488s] [01m[K/home/curro/ROAR/ros2_ws/src/arduino_comm_cpp/src/arduino_comm_node.cpp:91:87:[m[K [01;31m[Kerror: [m[Kâ€˜[01m[Kend_time[m[Kâ€™ was not declared in this scope; did you mean â€˜[01m[Kread_timer_[m[Kâ€™?
[3.488s]    91 |             auto elapsed_time = std::chrono::duration_cast<std::chrono::milliseconds>([01;31m[Kend_time[m[K - start_time);
[3.488s]       |                                                                                       [01;31m[K^~~~~~~~[m[K
[3.488s]       |                                                                                       [32m[Kread_timer_[m[K
[3.498s] [01m[K/home/curro/ROAR/ros2_ws/src/arduino_comm_cpp/src/arduino_comm_node.cpp:91:98:[m[K [01;31m[Kerror: [m[Kâ€˜[01m[Kstart_time[m[Kâ€™ was not declared in this scope; did you mean â€˜[01m[Kstrptime[m[Kâ€™?
[3.498s]    91 |             auto elapsed_time = std::chrono::duration_cast<std::chrono::milliseconds>(end_time - [01;31m[Kstart_time[m[K);
[3.498s]       |                                                                                                  [01;31m[K^~~~~~~~~~[m[K
[3.498s]       |                                                                                                  [32m[Kstrptime[m[K
[6.198s] gmake[2]: *** [CMakeFiles/arduino_comm_node.dir/build.make:76: CMakeFiles/arduino_comm_node.dir/src/arduino_comm_node.cpp.o] Error 1
[6.199s] gmake[1]: *** [CMakeFiles/Makefile2:137: CMakeFiles/arduino_comm_node.dir/all] Error 2
[6.199s] gmake: *** [Makefile:146: all] Error 2
[6.210s] Invoked command in '/home/curro/ROAR/ros2_ws/build/arduino_comm_cpp' returned '2': CMAKE_PREFIX_PATH=/home/curro/ROAR/ros2_ws/install/roar_gokart_msgs:/home/curro/ROAR/ros2_ws/install/cpp_hello_udp:/home/curro/ROAR/ros2_ws/install/cpp_arduino_comm_usb:/home/curro/ROAR/ros2_ws/install/cpp_arduino_comm:/home/curro/ROAR/ros2_ws/install/arduino_comm_cpp:/home/curro/ROAR/ros2_ws/install/arduino_comm:/opt/ros/iron CONDA_PROMPT_MODIFIER=(base) /home/curro/anaconda3/bin/cmake --build /home/curro/ROAR/ros2_ws/build/arduino_comm_cpp -- -j8 -l8
