[ 50%] [32mBuilding CXX object CMakeFiles/arduino_communicator_node.dir/src/arduino_communicator_node.cpp.o[0m
[01m[K/home/curro/ROAR/ros2_ws/src/cpp_arduino_comm_usb/src/arduino_communicator_node.cpp:6:9:[m[K [01;31m[Kerror: [m[Kâ€˜[01m[KArduinoCommunicatorNode[m[Kâ€™ does not name a type
    6 |         [01;31m[KArduinoCommunicatorNode[m[K::ArduinoCommunicatorNode() : Node("arduino_communicator_node"){
      |         [01;31m[K^~~~~~~~~~~~~~~~~~~~~~~[m[K
[01m[K/home/curro/ROAR/ros2_ws/src/cpp_arduino_comm_usb/src/arduino_communicator_node.cpp:64:9:[m[K [01;31m[Kerror: [m[Kâ€˜[01m[KArduinoCommunicatorNode[m[Kâ€™ does not name a type
   64 |         [01;31m[KArduinoCommunicatorNode[m[K::~ArduinoCommunicatorNode()
      |         [01;31m[K^~~~~~~~~~~~~~~~~~~~~~~[m[K
[01m[K/home/curro/ROAR/ros2_ws/src/cpp_arduino_comm_usb/src/arduino_communicator_node.cpp:73:14:[m[K [01;31m[Kerror: [m[Kâ€˜[01m[KArduinoCommunicatorNode[m[Kâ€™ has not been declared
   73 |         void [01;31m[KArduinoCommunicatorNode[m[K::on_read_timer() {
      |              [01;31m[K^~~~~~~~~~~~~~~~~~~~~~~[m[K
[01m[K/home/curro/ROAR/ros2_ws/src/cpp_arduino_comm_usb/src/arduino_communicator_node.cpp:[m[K In function â€˜[01m[Kvoid roar::arduino::on_read_timer()[m[Kâ€™:
[01m[K/home/curro/ROAR/ros2_ws/src/cpp_arduino_comm_usb/src/arduino_communicator_node.cpp:75:31:[m[K [01;31m[Kerror: [m[Kinvalid use of â€˜[01m[Kthis[m[Kâ€™ in non-member function
   75 |             auto ip_address = [01;31m[Kthis[m[K->get_parameter("ip_address").as_string();
      |                               [01;31m[K^~~~[m[K
[01m[K/home/curro/ROAR/ros2_ws/src/cpp_arduino_comm_usb/src/arduino_communicator_node.cpp:76:25:[m[K [01;31m[Kerror: [m[Kinvalid use of â€˜[01m[Kthis[m[Kâ€™ in non-member function
   76 |             auto port = [01;31m[Kthis[m[K->get_parameter("port").as_int();
      |                         [01;31m[K^~~~[m[K
[01m[K/home/curro/ROAR/ros2_ws/src/cpp_arduino_comm_usb/src/arduino_communicator_node.cpp:79:18:[m[K [01;31m[Kerror: [m[Kâ€˜[01m[Kstring[m[Kâ€™ is not a member of â€˜[01m[Kstd[m[Kâ€™
   79 |             std::[01;31m[Kstring[m[K message = "s";
      |                  [01;31m[K^~~~~~[m[K
[01m[K/home/curro/ROAR/ros2_ws/src/cpp_arduino_comm_usb/src/arduino_communicator_node.cpp:1:1:[m[K [01;36m[Knote: [m[Kâ€˜[01m[Kstd::string[m[Kâ€™ is defined in header â€˜[01m[K<string>[m[Kâ€™; did you forget to â€˜[01m[K#include <string>[m[Kâ€™?
  +++ |+[32m[K#include <string>[m[K
    1 | 
[01m[K/home/curro/ROAR/ros2_ws/src/cpp_arduino_comm_usb/src/arduino_communicator_node.cpp:80:37:[m[K [01;31m[Kerror: [m[Kâ€˜[01m[Ksock[m[Kâ€™ was not declared in this scope
   80 |             int bytes_sent = sendto([01;31m[Ksock[m[K, message.c_str(), message.size(), 0, (struct sockaddr*)&server_address, sizeof(server_address));
      |                                     [01;31m[K^~~~[m[K
[01m[K/home/curro/ROAR/ros2_ws/src/cpp_arduino_comm_usb/src/arduino_communicator_node.cpp:80:43:[m[K [01;31m[Kerror: [m[Kâ€˜[01m[Kmessage[m[Kâ€™ was not declared in this scope
   80 |             int bytes_sent = sendto(sock, [01;31m[Kmessage[m[K.c_str(), message.size(), 0, (struct sockaddr*)&server_address, sizeof(server_address));
      |                                           [01;31m[K^~~~~~~[m[K
[01m[K/home/curro/ROAR/ros2_ws/src/cpp_arduino_comm_usb/src/arduino_communicator_node.cpp:80:98:[m[K [01;31m[Kerror: [m[Kâ€˜[01m[Kserver_address[m[Kâ€™ was not declared in this scope
   80 |             int bytes_sent = sendto(sock, message.c_str(), message.size(), 0, (struct sockaddr*)&[01;31m[Kserver_address[m[K, sizeof(server_address));
      |                                                                                                  [01;31m[K^~~~~~~~~~~~~~[m[K
[01m[K/home/curro/ROAR/ros2_ws/src/cpp_arduino_comm_usb/src/arduino_communicator_node.cpp:80:30:[m[K [01;31m[Kerror: [m[Kâ€˜[01m[Ksendto[m[Kâ€™ was not declared in this scope
   80 |             int bytes_sent = [01;31m[Ksendto[m[K(sock, message.c_str(), message.size(), 0, (struct sockaddr*)&server_address, sizeof(server_address));
      |                              [01;31m[K^~~~~~[m[K
[01m[K/home/curro/ROAR/ros2_ws/src/cpp_arduino_comm_usb/src/arduino_communicator_node.cpp:82:13:[m[K [01;31m[Kerror: [m[Kâ€˜[01m[Kperror[m[Kâ€™ was not declared in this scope
   82 |             [01;31m[Kperror[m[K("sendto failed");
      |             [01;31m[K^~~~~~[m[K
[01m[K/home/curro/ROAR/ros2_ws/src/cpp_arduino_comm_usb/src/arduino_communicator_node.cpp:83:18:[m[K [01;31m[Kerror: [m[Kâ€˜[01m[KEXIT_FAILURE[m[Kâ€™ was not declared in this scope
   83 |             exit([01;31m[KEXIT_FAILURE[m[K);
      |                  [01;31m[K^~~~~~~~~~~~[m[K
[01m[K/home/curro/ROAR/ros2_ws/src/cpp_arduino_comm_usb/src/arduino_communicator_node.cpp:83:13:[m[K [01;31m[Kerror: [m[Kâ€˜[01m[Kexit[m[Kâ€™ was not declared in this scope
   83 |             [01;31m[Kexit[m[K(EXIT_FAILURE);
      |             [01;31m[K^~~~[m[K
[01m[K/home/curro/ROAR/ros2_ws/src/cpp_arduino_comm_usb/src/arduino_communicator_node.cpp:85:13:[m[K [01;31m[Kerror: [m[Kâ€˜[01m[Kprintf[m[Kâ€™ was not declared in this scope
   85 |             [01;31m[Kprintf[m[K("Sent message: %s\n", message.c_str());
      |             [01;31m[K^~~~~~[m[K
[01m[K/home/curro/ROAR/ros2_ws/src/cpp_arduino_comm_usb/src/arduino_communicator_node.cpp:1:1:[m[K [01;36m[Knote: [m[Kâ€˜[01m[Kprintf[m[Kâ€™ is defined in header â€˜[01m[K<cstdio>[m[Kâ€™; did you forget to â€˜[01m[K#include <cstdio>[m[Kâ€™?
  +++ |+[32m[K#include <cstdio>[m[K
    1 | 
[01m[K/home/curro/ROAR/ros2_ws/src/cpp_arduino_comm_usb/src/arduino_communicator_node.cpp:89:18:[m[K [01;31m[Kerror: [m[Kâ€˜[01m[Karray[m[Kâ€™ is not a member of â€˜[01m[Kstd[m[Kâ€™
   89 |             std::[01;31m[Karray[m[K<char, 1024> buffer;
      |                  [01;31m[K^~~~~[m[K
[01m[K/home/curro/ROAR/ros2_ws/src/cpp_arduino_comm_usb/src/arduino_communicator_node.cpp:1:1:[m[K [01;36m[Knote: [m[Kâ€˜[01m[Kstd::array[m[Kâ€™ is defined in header â€˜[01m[K<array>[m[Kâ€™; did you forget to â€˜[01m[K#include <array>[m[Kâ€™?
  +++ |+[32m[K#include <array>[m[K
    1 | 
[01m[K/home/curro/ROAR/ros2_ws/src/cpp_arduino_comm_usb/src/arduino_communicator_node.cpp:89:24:[m[K [01;31m[Kerror: [m[Kexpected primary-expression before â€˜[01m[Kchar[m[Kâ€™
   89 |             std::array<[01;31m[Kchar[m[K, 1024> buffer;
      |                        [01;31m[K^~~~[m[K
[01m[K/home/curro/ROAR/ros2_ws/src/cpp_arduino_comm_usb/src/arduino_communicator_node.cpp:94:32:[m[K [01;31m[Kerror: [m[Kaggregate â€˜[01m[Kroar::arduino::on_read_timer()::sockaddr_in client_address[m[Kâ€™ has incomplete type and cannot be defined
   94 |             struct sockaddr_in [01;31m[Kclient_address[m[K;
      |                                [01;31m[K^~~~~~~~~~~~~~[m[K
[01m[K/home/curro/ROAR/ros2_ws/src/cpp_arduino_comm_usb/src/arduino_communicator_node.cpp:95:13:[m[K [01;31m[Kerror: [m[Kâ€˜[01m[Ksocklen_t[m[Kâ€™ was not declared in this scope
   95 |             [01;31m[Ksocklen_t[m[K client_address_len = sizeof(client_address);
      |             [01;31m[K^~~~~~~~~[m[K
[01m[K/home/curro/ROAR/ros2_ws/src/cpp_arduino_comm_usb/src/arduino_communicator_node.cpp:96:13:[m[K [01;31m[Kerror: [m[Kâ€˜[01m[Kssize_t[m[Kâ€™ was not declared in this scope
   96 |             [01;31m[Kssize_t[m[K num_bytes_received = recvfrom(ArduinoCommunicatorNode::sock, buffer.data(), buffer.size(), 0, (struct sockaddr*)&client_address, &client_address_len);
      |             [01;31m[K^~~~~~~[m[K
[01m[K/home/curro/ROAR/ros2_ws/src/cpp_arduino_comm_usb/src/arduino_communicator_node.cpp:97:17:[m[K [01;31m[Kerror: [m[Kâ€˜[01m[Knum_bytes_received[m[Kâ€™ was not declared in this scope
   97 |             if ([01;31m[Knum_bytes_received[m[K < 0) {
      |                 [01;31m[K^~~~~~~~~~~~~~~~~~[m[K
[01m[K/home/curro/ROAR/ros2_ws/src/cpp_arduino_comm_usb/src/arduino_communicator_node.cpp:98:17:[m[K [01;31m[Kerror: [m[Kâ€˜[01m[Kperror[m[Kâ€™ was not declared in this scope
   98 |                 [01;31m[Kperror[m[K("recvfrom failed");
      |                 [01;31m[K^~~~~~[m[K
[01m[K/home/curro/ROAR/ros2_ws/src/cpp_arduino_comm_usb/src/arduino_communicator_node.cpp:99:22:[m[K [01;31m[Kerror: [m[Kâ€˜[01m[KEXIT_FAILURE[m[Kâ€™ was not declared in this scope
   99 |                 exit([01;31m[KEXIT_FAILURE[m[K);
      |                      [01;31m[K^~~~~~~~~~~~[m[K
[01m[K/home/curro/ROAR/ros2_ws/src/cpp_arduino_comm_usb/src/arduino_communicator_node.cpp:99:17:[m[K [01;31m[Kerror: [m[Kâ€˜[01m[Kexit[m[Kâ€™ was not declared in this scope
   99 |                 [01;31m[Kexit[m[K(EXIT_FAILURE);
      |                 [01;31m[K^~~~[m[K
[01m[K/home/curro/ROAR/ros2_ws/src/cpp_arduino_comm_usb/src/arduino_communicator_node.cpp:103:46:[m[K [01;31m[Kerror: [m[Kâ€˜[01m[Kbuffer[m[Kâ€™ was not declared in this scope
  103 |             printf("Received message: %s\n", [01;31m[Kbuffer[m[K.data());
      |                                              [01;31m[K^~~~~~[m[K
[01m[K/home/curro/ROAR/ros2_ws/src/cpp_arduino_comm_usb/src/arduino_communicator_node.cpp:108:34:[m[K [01;31m[Kerror: [m[Kâ€˜[01m[Kstring[m[Kâ€™ is not a member of â€˜[01m[Kstd[m[Kâ€™
  108 |                 auto data = std::[01;31m[Kstring[m[K(buffer.data());
      |                                  [01;31m[K^~~~~~[m[K
[01m[K/home/curro/ROAR/ros2_ws/src/cpp_arduino_comm_usb/src/arduino_communicator_node.cpp:108:34:[m[K [01;36m[Knote: [m[Kâ€˜[01m[Kstd::string[m[Kâ€™ is defined in header â€˜[01m[K<string>[m[Kâ€™; did you forget to â€˜[01m[K#include <string>[m[Kâ€™?
[01m[K/home/curro/ROAR/ros2_ws/src/cpp_arduino_comm_usb/src/arduino_communicator_node.cpp:111:30:[m[K [01;31m[Kerror: [m[Kâ€˜[01m[Kp_dataToVehicleState[m[Kâ€™ was not declared in this scope
  111 |                 auto model = [01;31m[Kp_dataToVehicleState[m[K(data);
      |                              [01;31m[K^~~~~~~~~~~~~~~~~~~~[m[K
[01m[K/home/curro/ROAR/ros2_ws/src/cpp_arduino_comm_usb/src/arduino_communicator_node.cpp:120:42:[m[K [01;31m[Kerror: [m[Kexpected unqualified-id before â€˜[01m[K&[m[Kâ€™ token
  120 |             } catch (const std::exception[01;31m[K&[m[K e) {
      |                                          [01;31m[K^[m[K
[01m[K/home/curro/ROAR/ros2_ws/src/cpp_arduino_comm_usb/src/arduino_communicator_node.cpp:120:42:[m[K [01;31m[Kerror: [m[Kexpected â€˜[01m[K)[m[Kâ€™ before â€˜[01m[K&[m[Kâ€™ token
  120 |             } catch [34m[K([m[Kconst std::exception[01;31m[K&[m[K e) {
      |                     [34m[K~[m[K                    [01;31m[K^[m[K
      |                                          [32m[K)[m[K
[01m[K/home/curro/ROAR/ros2_ws/src/cpp_arduino_comm_usb/src/arduino_communicator_node.cpp:120:42:[m[K [01;31m[Kerror: [m[Kexpected â€˜[01m[K{[m[Kâ€™ before â€˜[01m[K&[m[Kâ€™ token
[01m[K/home/curro/ROAR/ros2_ws/src/cpp_arduino_comm_usb/src/arduino_communicator_node.cpp:120:44:[m[K [01;31m[Kerror: [m[Kâ€˜[01m[Ke[m[Kâ€™ was not declared in this scope
  120 |             } catch (const std::exception& [01;31m[Ke[m[K) {
      |                                            [01;31m[K^[m[K
[01m[K/home/curro/ROAR/ros2_ws/src/cpp_arduino_comm_usb/src/arduino_communicator_node.cpp:[m[K At global scope:
[01m[K/home/curro/ROAR/ros2_ws/src/cpp_arduino_comm_usb/src/arduino_communicator_node.cpp:127:14:[m[K [01;31m[Kerror: [m[Kâ€˜[01m[KArduinoCommunicatorNode[m[Kâ€™ has not been declared
  127 |         void [01;31m[KArduinoCommunicatorNode[m[K::on_write_timer() {
      |              [01;31m[K^~~~~~~~~~~~~~~~~~~~~~~[m[K
[01m[K/home/curro/ROAR/ros2_ws/src/cpp_arduino_comm_usb/src/arduino_communicator_node.cpp:[m[K In function â€˜[01m[Kvoid roar::arduino::on_write_timer()[m[Kâ€™:
[01m[K/home/curro/ROAR/ros2_ws/src/cpp_arduino_comm_usb/src/arduino_communicator_node.cpp:129:13:[m[K [01;31m[Kerror: [m[Kâ€˜[01m[Kprintf[m[Kâ€™ was not declared in this scope
  129 |             [01;31m[Kprintf[m[K("Serialize the latest control model to JSON and encode it as UTF-8\n");
      |             [01;31m[K^~~~~~[m[K
[01m[K/home/curro/ROAR/ros2_ws/src/cpp_arduino_comm_usb/src/arduino_communicator_node.cpp:129:13:[m[K [01;36m[Knote: [m[Kâ€˜[01m[Kprintf[m[Kâ€™ is defined in header â€˜[01m[K<cstdio>[m[Kâ€™; did you forget to â€˜[01m[K#include <cstdio>[m[Kâ€™?
[01m[K/home/curro/ROAR/ros2_ws/src/cpp_arduino_comm_usb/src/arduino_communicator_node.cpp:135:31:[m[K [01;31m[Kerror: [m[Kinvalid use of â€˜[01m[Kthis[m[Kâ€™ in non-member function
  135 |             auto ip_address = [01;31m[Kthis[m[K->get_parameter("ip_address").as_string();
      |                               [01;31m[K^~~~[m[K
[01m[K/home/curro/ROAR/ros2_ws/src/cpp_arduino_comm_usb/src/arduino_communicator_node.cpp:136:25:[m[K [01;31m[Kerror: [m[Kinvalid use of â€˜[01m[Kthis[m[Kâ€™ in non-member function
  136 |             auto port = [01;31m[Kthis[m[K->get_parameter("port").as_int();
      |                         [01;31m[K^~~~[m[K
[01m[K/home/curro/ROAR/ros2_ws/src/cpp_arduino_comm_usb/src/arduino_communicator_node.cpp:[m[K At global scope:
[01m[K/home/curro/ROAR/ros2_ws/src/cpp_arduino_comm_usb/src/arduino_communicator_node.cpp:142:14:[m[K [01;31m[Kerror: [m[Kâ€˜[01m[KArduinoCommunicatorNode[m[Kâ€™ has not been declared
  142 |         void [01;31m[KArduinoCommunicatorNode[m[K::on_command(const roar_gokart_msgs::msg::EgoVehicleControl::SharedPtr msg) {
      |              [01;31m[K^~~~~~~~~~~~~~~~~~~~~~~[m[K
[01m[K/home/curro/ROAR/ros2_ws/src/cpp_arduino_comm_usb/src/arduino_communicator_node.cpp:142:56:[m[K [01;31m[Kerror: [m[Kâ€˜[01m[Kroar_gokart_msgs[m[Kâ€™ does not name a type
  142 |         void ArduinoCommunicatorNode::on_command(const [01;31m[Kroar_gokart_msgs[m[K::msg::EgoVehicleControl::SharedPtr msg) {
      |                                                        [01;31m[K^~~~~~~~~~~~~~~~[m[K
[01m[K/home/curro/ROAR/ros2_ws/src/cpp_arduino_comm_usb/src/arduino_communicator_node.cpp:142:77:[m[K [01;31m[Kerror: [m[Kexpected unqualified-id before â€˜[01m[K::[m[Kâ€™ token
  142 |         void ArduinoCommunicatorNode::on_command(const roar_gokart_msgs::msg[01;31m[K::[m[KEgoVehicleControl::SharedPtr msg) {
      |                                                                             [01;31m[K^~[m[K
[01m[K/home/curro/ROAR/ros2_ws/src/cpp_arduino_comm_usb/src/arduino_communicator_node.cpp:142:77:[m[K [01;31m[Kerror: [m[Kexpected â€˜[01m[K)[m[Kâ€™ before â€˜[01m[K::[m[Kâ€™ token
  142 |         void ArduinoCommunicatorNode::on_command[34m[K([m[Kconst roar_gokart_msgs::msg[01;31m[K:[m[K[32m[K:[m[KEgoVehicleControl::SharedPtr msg) {
      |                                                 [34m[K~[m[K                           [01;31m[K^[m[K[32m[K~[m[K
      |                                                                             [32m[K)[m[K
[01m[K/home/curro/ROAR/ros2_ws/src/cpp_arduino_comm_usb/src/arduino_communicator_node.cpp:142:77:[m[K [01;31m[Kerror: [m[Kexpected initializer before â€˜[01m[K::[m[Kâ€™ token
  142 |         void ArduinoCommunicatorNode::on_command(const roar_gokart_msgs::msg[01;31m[K::[m[KEgoVehicleControl::SharedPtr msg) {
      |                                                                             [01;31m[K^~[m[K
[01m[K/home/curro/ROAR/ros2_ws/src/cpp_arduino_comm_usb/src/arduino_communicator_node.cpp:158:14:[m[K [01;31m[Kerror: [m[Kâ€˜[01m[KArduinoCommunicatorNode[m[Kâ€™ has not been declared
  158 |         void [01;31m[KArduinoCommunicatorNode[m[K::on_publish_state() {
      |              [01;31m[K^~~~~~~~~~~~~~~~~~~~~~~[m[K
[01m[K/home/curro/ROAR/ros2_ws/src/cpp_arduino_comm_usb/src/arduino_communicator_node.cpp:[m[K In function â€˜[01m[Kvoid roar::arduino::on_publish_state()[m[Kâ€™:
[01m[K/home/curro/ROAR/ros2_ws/src/cpp_arduino_comm_usb/src/arduino_communicator_node.cpp:160:13:[m[K [01;31m[Kerror: [m[Kâ€˜[01m[Kstd_msgs[m[Kâ€™ has not been declared
  160 |             [01;31m[Kstd_msgs[m[K::msg::Header header;
      |             [01;31m[K^~~~~~~~[m[K
[01m[K/home/curro/ROAR/ros2_ws/src/cpp_arduino_comm_usb/src/arduino_communicator_node.cpp:161:13:[m[K [01;31m[Kerror: [m[Kâ€˜[01m[Kheader[m[Kâ€™ was not declared in this scope
  161 |             [01;31m[Kheader[m[K.stamp = this->now();
      |             [01;31m[K^~~~~~[m[K
[01m[K/home/curro/ROAR/ros2_ws/src/cpp_arduino_comm_usb/src/arduino_communicator_node.cpp:161:28:[m[K [01;31m[Kerror: [m[Kinvalid use of â€˜[01m[Kthis[m[Kâ€™ in non-member function
  161 |             header.stamp = [01;31m[Kthis[m[K->now();
      |                            [01;31m[K^~~~[m[K
[01m[K/home/curro/ROAR/ros2_ws/src/cpp_arduino_comm_usb/src/arduino_communicator_node.cpp:162:31:[m[K [01;31m[Kerror: [m[Kinvalid use of â€˜[01m[Kthis[m[Kâ€™ in non-member function
  162 |             header.frame_id = [01;31m[Kthis[m[K->get_parameter("vehicle_status_header").as_string();
      |                               [01;31m[K^~~~[m[K
[01m[K/home/curro/ROAR/ros2_ws/src/cpp_arduino_comm_usb/src/arduino_communicator_node.cpp:165:13:[m[K [01;31m[Kerror: [m[Kâ€˜[01m[Kroar_gokart_msgs[m[Kâ€™ has not been declared
  165 |             [01;31m[Kroar_gokart_msgs[m[K::msg::Actuation act;
      |             [01;31m[K^~~~~~~~~~~~~~~~[m[K
[01m[K/home/curro/ROAR/ros2_ws/src/cpp_arduino_comm_usb/src/arduino_communicator_node.cpp:166:13:[m[K [01;31m[Kerror: [m[Kâ€˜[01m[Kact[m[Kâ€™ was not declared in this scope
  166 |             [01;31m[Kact[m[K.brake = latest_command_->brake;
      |             [01;31m[K^~~[m[K
[01m[K/home/curro/ROAR/ros2_ws/src/cpp_arduino_comm_usb/src/arduino_communicator_node.cpp:166:25:[m[K [01;31m[Kerror: [m[Kâ€˜[01m[Klatest_command_[m[Kâ€™ was not declared in this scope
  166 |             act.brake = [01;31m[Klatest_command_[m[K->brake;
      |                         [01;31m[K^~~~~~~~~~~~~~~[m[K
[01m[K/home/curro/ROAR/ros2_ws/src/cpp_arduino_comm_usb/src/arduino_communicator_node.cpp:172:13:[m[K [01;31m[Kerror: [m[Kâ€˜[01m[Kroar_gokart_msgs[m[Kâ€™ has not been declared
  172 |             [01;31m[Kroar_gokart_msgs[m[K::msg::VehicleStatus msg;
      |             [01;31m[K^~~~~~~~~~~~~~~~[m[K
[01m[K/home/curro/ROAR/ros2_ws/src/cpp_arduino_comm_usb/src/arduino_communicator_node.cpp:173:13:[m[K [01;31m[Kerror: [m[Kâ€˜[01m[Kmsg[m[Kâ€™ was not declared in this scope
  173 |             [01;31m[Kmsg[m[K.header = header;
      |             [01;31m[K^~~[m[K
[01m[K/home/curro/ROAR/ros2_ws/src/cpp_arduino_comm_usb/src/arduino_communicator_node.cpp:175:25:[m[K [01;31m[Kerror: [m[Kâ€˜[01m[Klatest_state_[m[Kâ€™ was not declared in this scope
  175 |             msg.angle = [01;31m[Klatest_state_[m[K->angle;
      |                         [01;31m[K^~~~~~~~~~~~~[m[K
[01m[K/home/curro/ROAR/ros2_ws/src/cpp_arduino_comm_usb/src/arduino_communicator_node.cpp:183:13:[m[K [01;31m[Kerror: [m[Kâ€˜[01m[Kstate_publisher_[m[Kâ€™ was not declared in this scope
  183 |             [01;31m[Kstate_publisher_[m[K->publish(msg);
      |             [01;31m[K^~~~~~~~~~~~~~~~[m[K
[01m[K/home/curro/ROAR/ros2_ws/src/cpp_arduino_comm_usb/src/arduino_communicator_node.cpp:[m[K At global scope:
[01m[K/home/curro/ROAR/ros2_ws/src/cpp_arduino_comm_usb/src/arduino_communicator_node.cpp:187:9:[m[K [01;31m[Kerror: [m[Kâ€˜[01m[Kroar_gokart_msgs[m[Kâ€™ does not name a type
  187 |         [01;31m[Kroar_gokart_msgs[m[K::msg::EgoVehicleControl ArduinoCommunicatorNode::p_egoVehicleControlMsgToArduinoCmdActionModel(const roar_gokart_msgs::msg::EgoVehicleControl::SharedPtr msg) {
      |         [01;31m[K^~~~~~~~~~~~~~~~[m[K
[01m[K/home/curro/ROAR/ros2_ws/src/cpp_arduino_comm_usb/src/arduino_communicator_node.cpp:202:9:[m[K [01;31m[Kerror: [m[Kâ€˜[01m[Kroar_gokart_msgs[m[Kâ€™ does not name a type
  202 |         [01;31m[Kroar_gokart_msgs[m[K::msg::VehicleStatus ArduinoCommunicatorNode::p_dataToVehicleState(const std::string& jsonData) { // const nlohmann::json& data as input
      |         [01;31m[K^~~~~~~~~~~~~~~~[m[K
[01m[K/home/curro/ROAR/ros2_ws/src/cpp_arduino_comm_usb/src/arduino_communicator_node.cpp:237:14:[m[K [01;31m[Kerror: [m[Kâ€˜[01m[Kpair[m[Kâ€™ in namespace â€˜[01m[Kstd[m[Kâ€™ does not name a template type
  237 |         std::[01;31m[Kpair[m[K<std::string, int> ArduinoCommunicatorNode::p_getIPAndPort() {
      |              [01;31m[K^~~~[m[K
[01m[K/home/curro/ROAR/ros2_ws/src/cpp_arduino_comm_usb/src/arduino_communicator_node.cpp:1:1:[m[K [01;36m[Knote: [m[Kâ€˜[01m[Kstd::pair[m[Kâ€™ is defined in header â€˜[01m[K<utility>[m[Kâ€™; did you forget to â€˜[01m[K#include <utility>[m[Kâ€™?
  +++ |+[32m[K#include <utility>[m[K
    1 | 
[01m[K/home/curro/ROAR/ros2_ws/src/cpp_arduino_comm_usb/src/arduino_communicator_node.cpp:[m[K In function â€˜[01m[Kint main(int, char**)[m[Kâ€™:
[01m[K/home/curro/ROAR/ros2_ws/src/cpp_arduino_comm_usb/src/arduino_communicator_node.cpp:250:3:[m[K [01;31m[Kerror: [m[Kâ€˜[01m[Krclcpp[m[Kâ€™ has not been declared
  250 |   [01;31m[Krclcpp[m[K::init(argc, argv);
      |   [01;31m[K^~~~~~[m[K
[01m[K/home/curro/ROAR/ros2_ws/src/cpp_arduino_comm_usb/src/arduino_communicator_node.cpp:251:3:[m[K [01;31m[Kerror: [m[Kâ€˜[01m[Krclcpp[m[Kâ€™ has not been declared
  251 |   [01;31m[Krclcpp[m[K::spin(std::make_shared<roar::arduino::ArduinoCommunicatorNode>());
      |   [01;31m[K^~~~~~[m[K
[01m[K/home/curro/ROAR/ros2_ws/src/cpp_arduino_comm_usb/src/arduino_communicator_node.cpp:251:21:[m[K [01;31m[Kerror: [m[Kâ€˜[01m[Kmake_shared[m[Kâ€™ is not a member of â€˜[01m[Kstd[m[Kâ€™
  251 |   rclcpp::spin(std::[01;31m[Kmake_shared[m[K<roar::arduino::ArduinoCommunicatorNode>());
      |                     [01;31m[K^~~~~~~~~~~[m[K
[01m[K/home/curro/ROAR/ros2_ws/src/cpp_arduino_comm_usb/src/arduino_communicator_node.cpp:1:1:[m[K [01;36m[Knote: [m[Kâ€˜[01m[Kstd::make_shared[m[Kâ€™ is defined in header â€˜[01m[K<memory>[m[Kâ€™; did you forget to â€˜[01m[K#include <memory>[m[Kâ€™?
  +++ |+[32m[K#include <memory>[m[K
    1 | 
[01m[K/home/curro/ROAR/ros2_ws/src/cpp_arduino_comm_usb/src/arduino_communicator_node.cpp:251:48:[m[K [01;31m[Kerror: [m[Kâ€˜[01m[KArduinoCommunicatorNode[m[Kâ€™ is not a member of â€˜[01m[Kroar::arduino[m[Kâ€™
  251 |   rclcpp::spin(std::make_shared<roar::arduino::[01;31m[KArduinoCommunicatorNode[m[K>());
      |                                                [01;31m[K^~~~~~~~~~~~~~~~~~~~~~~[m[K
[01m[K/home/curro/ROAR/ros2_ws/src/cpp_arduino_comm_usb/src/arduino_communicator_node.cpp:251:73:[m[K [01;31m[Kerror: [m[Kexpected primary-expression before â€˜[01m[K)[m[Kâ€™ token
  251 |   rclcpp::spin(std::make_shared<roar::arduino::ArduinoCommunicatorNode>([01;31m[K)[m[K);
      |                                                                         [01;31m[K^[m[K
[01m[K/home/curro/ROAR/ros2_ws/src/cpp_arduino_comm_usb/src/arduino_communicator_node.cpp:252:3:[m[K [01;31m[Kerror: [m[Kâ€˜[01m[Krclcpp[m[Kâ€™ has not been declared
  252 |   [01;31m[Krclcpp[m[K::shutdown();
      |   [01;31m[K^~~~~~[m[K
gmake[2]: *** [CMakeFiles/arduino_communicator_node.dir/build.make:76: CMakeFiles/arduino_communicator_node.dir/src/arduino_communicator_node.cpp.o] Error 1
gmake[1]: *** [CMakeFiles/Makefile2:137: CMakeFiles/arduino_communicator_node.dir/all] Error 2
gmake: *** [Makefile:146: all] Error 2
