In file included from [01m[K/home/curro/ROAR/ros2_ws/src/cpp_arduino_comm_usb/src/arduino_communicator_node.cpp:1[m[K:
[01m[K/home/curro/ROAR/ros2_ws/src/cpp_arduino_comm_usb/include/cpp_arduino_comm_usb/arduino_communicator_node.hpp:47:22:[m[K [01;31m[Kerror: [m[Kextra qualification â€˜[01m[Kroar::arduino::ArduinoCommunicatorNode::[m[Kâ€™ on member â€˜[01m[Kp_publish_state[m[Kâ€™ [[01;31m[K]8;;https://gcc.gnu.org/onlinedocs/gcc/Warning-Options.html#index-fpermissive-fpermissive]8;;[m[K]
   47 |                 void [01;31m[KArduinoCommunicatorNode[m[K::p_publish_state(const roar_gokart_msgs::msg::VehicleStatus::SharedPtr latest_state );
      |                      [01;31m[K^~~~~~~~~~~~~~~~~~~~~~~[m[K
[01m[K/home/curro/ROAR/ros2_ws/src/cpp_arduino_comm_usb/src/arduino_communicator_node.cpp:[m[K In member function â€˜[01m[Kvoid roar::arduino::ArduinoCommunicatorNode::on_read_timer()[m[Kâ€™:
[01m[K/home/curro/ROAR/ros2_ws/src/cpp_arduino_comm_usb/src/arduino_communicator_node.cpp:77:18:[m[K [01;35m[Kwarning: [m[Kunused variable â€˜[01m[Kport[m[Kâ€™ [[01;35m[K]8;;https://gcc.gnu.org/onlinedocs/gcc/Warning-Options.html#index-Wunused-variable-Wunused-variable]8;;[m[K]
   77 |             auto [01;35m[Kport[m[K = this->get_parameter("port").as_int();
      |                  [01;35m[K^~~~[m[K
[01m[K/home/curro/ROAR/ros2_ws/src/cpp_arduino_comm_usb/src/arduino_communicator_node.cpp:[m[K In member function â€˜[01m[Kvoid roar::arduino::ArduinoCommunicatorNode::on_write_timer()[m[Kâ€™:
[01m[K/home/curro/ROAR/ros2_ws/src/cpp_arduino_comm_usb/src/arduino_communicator_node.cpp:136:40:[m[K [01;31m[Kerror: [m[Kâ€˜[01m[Kusing element_type = struct roar_gokart_msgs::msg::EgoVehicleControl_<std::allocator<void> >[m[Kâ€™ {aka â€˜[01m[Kstruct roar_gokart_msgs::msg::EgoVehicleControl_<std::allocator<void> >[m[Kâ€™} has no member named â€˜[01m[Kto_json[m[Kâ€™
  136 |             message = latest_command_->[01;31m[Kto_json[m[K->to_string();
      |                                        [01;31m[K^~~~~~~[m[K
[01m[K/home/curro/ROAR/ros2_ws/src/cpp_arduino_comm_usb/src/arduino_communicator_node.cpp:139:17:[m[K [01;35m[Kwarning: [m[Kunused variable â€˜[01m[Kbytes_sent[m[Kâ€™ [[01;35m[K]8;;https://gcc.gnu.org/onlinedocs/gcc/Warning-Options.html#index-Wunused-variable-Wunused-variable]8;;[m[K]
  139 |             int [01;35m[Kbytes_sent[m[K = sendto(sock, message.c_str(), message.size(), 0, (struct sockaddr*)&server_address, sizeof(server_address));
      |                 [01;35m[K^~~~~~~~~~[m[K
[01m[K/home/curro/ROAR/ros2_ws/src/cpp_arduino_comm_usb/src/arduino_communicator_node.cpp:[m[K In member function â€˜[01m[Kroar_gokart_msgs::msg::VehicleStatus roar::arduino::ArduinoCommunicatorNode::p_dataToVehicleState(const string&)[m[Kâ€™:
[01m[K/home/curro/ROAR/ros2_ws/src/cpp_arduino_comm_usb/src/arduino_communicator_node.cpp:250:36:[m[K [01;35m[Kwarning: [m[Kformat â€˜[01m[K%d[m[Kâ€™ expects argument of type â€˜[01m[Kint[m[Kâ€™, but argument 2 has type â€˜[01m[Kdouble[m[Kâ€™ [[01;35m[K]8;;https://gcc.gnu.org/onlinedocs/gcc/Warning-Options.html#index-Wformat=-Wformat=]8;;[m[K]
  250 |                 printf("throttle: [01;35m[K%d[m[K\n", [32m[Kmodel.actuation.throttle[m[K);
      |                                   [01;35m[K~^[m[K     [32m[K~~~~~~~~~~~~~~~~~~~~~~~~[m[K
      |                                    [01;35m[K|[m[K                     [32m[K|[m[K
      |                                    [01;35m[Kint[m[K                   [32m[Kdouble[m[K
      |                                   [32m[K%f[m[K
[01m[K/home/curro/ROAR/ros2_ws/src/cpp_arduino_comm_usb/src/arduino_communicator_node.cpp:252:33:[m[K [01;35m[Kwarning: [m[Kformat â€˜[01m[K%d[m[Kâ€™ expects argument of type â€˜[01m[Kint[m[Kâ€™, but argument 2 has type â€˜[01m[Kdouble[m[Kâ€™ [[01;35m[K]8;;https://gcc.gnu.org/onlinedocs/gcc/Warning-Options.html#index-Wformat=-Wformat=]8;;[m[K]
  252 |                 printf("brake: [01;35m[K%d[m[K\n", [32m[Kmodel.actuation.brake[m[K);
      |                                [01;35m[K~^[m[K     [32m[K~~~~~~~~~~~~~~~~~~~~~[m[K
      |                                 [01;35m[K|[m[K                     [32m[K|[m[K
      |                                 [01;35m[Kint[m[K                   [32m[Kdouble[m[K
      |                                [32m[K%f[m[K
gmake[2]: *** [CMakeFiles/arduino_communicator_node.dir/build.make:76: CMakeFiles/arduino_communicator_node.dir/src/arduino_communicator_node.cpp.o] Error 1
gmake[1]: *** [CMakeFiles/Makefile2:137: CMakeFiles/arduino_communicator_node.dir/all] Error 2
gmake: *** [Makefile:146: all] Error 2
