[0.009s] Invoking command in '/home/curro/ROAR/ros2_ws/build/arduino_comm_cpp': CMAKE_PREFIX_PATH=/home/curro/ROAR/ros2_ws/install/roar_gokart_msgs:/home/curro/ROAR/ros2_ws/install/cpp_hello_udp:/home/curro/ROAR/ros2_ws/install/cpp_arduino_comm_usb:/home/curro/ROAR/ros2_ws/install/cpp_arduino_comm:/home/curro/ROAR/ros2_ws/install/arduino_comm_cpp:/home/curro/ROAR/ros2_ws/install/arduino_comm:/opt/ros/iron CONDA_PROMPT_MODIFIER=(base) /home/curro/anaconda3/bin/cmake --build /home/curro/ROAR/ros2_ws/build/arduino_comm_cpp -- -j8 -l8
[0.072s] [ 50%] [32mBuilding CXX object CMakeFiles/arduino_comm_node.dir/src/arduino_comm_node.cpp.o[0m
[2.544s] [01m[K/home/curro/ROAR/ros2_ws/src/arduino_comm_cpp/src/arduino_comm_node.cpp:[m[K In constructor â€˜[01m[Kroar::arduino::ArduinoCommunicatorNode::ArduinoCommunicatorNode()[m[Kâ€™:
[2.544s] [01m[K/home/curro/ROAR/ros2_ws/src/arduino_comm_cpp/src/arduino_comm_node.cpp:61:57:[m[K [01;31m[Kerror: [m[Kexpected â€˜[01m[K;[m[Kâ€™ before â€˜[01m[Knewsockfd[m[Kâ€™
[2.544s]    61 |             printf("Waiting for client to connect...\n")
[2.545s]       |                                                         [01;31m[K^[m[K
[2.545s]       |                                                         [32m[K;[m[K
[2.545s] ......
[2.545s]    64 |             [32m[Knewsockfd[m[K = accept(sockfd, (struct sockaddr *)&client_addr, &client_len);
[2.545s]       |             [32m[K~~~~~~~~~[m[K                                    
[2.545s] [01m[K/home/curro/ROAR/ros2_ws/src/arduino_comm_cpp/src/arduino_comm_node.cpp:53:23:[m[K [01;35m[Kwarning: [m[Kunused variable â€˜[01m[Kclient_len[m[Kâ€™ [[01;35m[K]8;;https://gcc.gnu.org/onlinedocs/gcc/Warning-Options.html#index-Wunused-variable-Wunused-variable]8;;[m[K]
[2.545s]    53 |             socklen_t [01;35m[Kclient_len[m[K = sizeof(client_addr);
[2.545s]       |                       [01;35m[K^~~~~~~~~~[m[K
[4.731s] gmake[2]: *** [CMakeFiles/arduino_comm_node.dir/build.make:76: CMakeFiles/arduino_comm_node.dir/src/arduino_comm_node.cpp.o] Error 1
[4.732s] gmake[1]: *** [CMakeFiles/Makefile2:137: CMakeFiles/arduino_comm_node.dir/all] Error 2
[4.732s] gmake: *** [Makefile:146: all] Error 2
[4.743s] Invoked command in '/home/curro/ROAR/ros2_ws/build/arduino_comm_cpp' returned '2': CMAKE_PREFIX_PATH=/home/curro/ROAR/ros2_ws/install/roar_gokart_msgs:/home/curro/ROAR/ros2_ws/install/cpp_hello_udp:/home/curro/ROAR/ros2_ws/install/cpp_arduino_comm_usb:/home/curro/ROAR/ros2_ws/install/cpp_arduino_comm:/home/curro/ROAR/ros2_ws/install/arduino_comm_cpp:/home/curro/ROAR/ros2_ws/install/arduino_comm:/opt/ros/iron CONDA_PROMPT_MODIFIER=(base) /home/curro/anaconda3/bin/cmake --build /home/curro/ROAR/ros2_ws/build/arduino_comm_cpp -- -j8 -l8
