-- The C compiler identification is GNU 11.4.0
-- The CXX compiler identification is GNU 11.4.0
-- Detecting C compiler ABI info
-- Detecting C compiler ABI info - done
-- Check for working C compiler: /usr/bin/cc - skipped
-- Detecting C compile features
-- Detecting C compile features - done
-- Detecting CXX compiler ABI info
-- Detecting CXX compiler ABI info - done
-- Check for working CXX compiler: /usr/bin/c++ - skipped
-- Detecting CXX compile features
-- Detecting CXX compile features - done
-- Found ament_cmake: 2.0.3 (/opt/ros/iron/share/ament_cmake/cmake)
-- Found Python3: /home/curro/anaconda3/bin/python3.11 (found version "3.11.4") found components: Interpreter 
-- Found rclcpp: 21.0.3 (/opt/ros/iron/share/rclcpp/cmake)
-- Found rosidl_generator_c: 4.0.1 (/opt/ros/iron/share/rosidl_generator_c/cmake)
-- Found rosidl_generator_cpp: 4.0.1 (/opt/ros/iron/share/rosidl_generator_cpp/cmake)
-- Using all available rosidl_typesupport_c: rosidl_typesupport_fastrtps_c;rosidl_typesupport_introspection_c
-- Using all available rosidl_typesupport_cpp: rosidl_typesupport_fastrtps_cpp;rosidl_typesupport_introspection_cpp
-- Found rmw_implementation_cmake: 7.1.0 (/opt/ros/iron/share/rmw_implementation_cmake/cmake)
-- Found rmw_fastrtps_cpp: 7.1.1 (/opt/ros/iron/share/rmw_fastrtps_cpp/cmake)
-- Found OpenSSL: /usr/lib/x86_64-linux-gnu/libcrypto.so (found version "3.0.2")  
-- Found FastRTPS: /opt/ros/iron/include  
-- Using RMW implementation 'rmw_fastrtps_cpp' as default
-- Found std_msgs: 5.0.0 (/opt/ros/iron/share/std_msgs/cmake)
-- Found ament_lint_auto: 0.14.2 (/opt/ros/iron/share/ament_lint_auto/cmake)
-- Added test 'cppcheck' to perform static code analysis on C / C++ code
-- Configured cppcheck include dirs: /home/curro/ROAR/ros2_ws/src/cpp_arduino_comm_usb/include
-- Configured cppcheck exclude dirs and/or files: 
-- Added test 'lint_cmake' to check CMake code style
-- Added test 'uncrustify' to check C / C++ code style
-- Configured uncrustify additional arguments: 
-- Added test 'xmllint' to check XML markup files
-- Configuring done (1.9s)
-- Generating done (0.0s)
-- Build files have been written to: /home/curro/ROAR/ros2_ws/build/cpp_arduino_comm_usb
[ 50%] [32mBuilding CXX object CMakeFiles/arduino_communicator_node.dir/src/arduino_communicator_node.cpp.o[0m
[ 50%] [32mBuilding CXX object CMakeFiles/talker.dir/src/cpp_arduino_pub.cpp.o[0m
[ 75%] [32m[1mLinking CXX executable talker[0m
[100%] [32m[1mLinking CXX executable arduino_communicator_node[0m
[100%] Built target talker
/usr/bin/ld: CMakeFiles/arduino_communicator_node.dir/src/arduino_communicator_node.cpp.o: warning: relocation against `_ZTVN4roar7arduino23ArduinoCommunicatorNodeE' in read-only section `.text'
/usr/bin/ld: CMakeFiles/arduino_communicator_node.dir/src/arduino_communicator_node.cpp.o: in function `roar::arduino::ArduinoCommunicatorNode::ArduinoCommunicatorNode()':
arduino_communicator_node.cpp:(.text+0xf5): undefined reference to `vtable for roar::arduino::ArduinoCommunicatorNode'
/usr/bin/ld: warning: creating DT_TEXTREL in a PIE
collect2: error: ld returned 1 exit status
gmake[2]: *** [CMakeFiles/arduino_communicator_node.dir/build.make:174: arduino_communicator_node] Error 1
gmake[1]: *** [CMakeFiles/Makefile2:165: CMakeFiles/arduino_communicator_node.dir/all] Error 2
gmake: *** [Makefile:146: all] Error 2
