[0.012s] Invoking command in '/home/curro/ROAR/ros2_ws/build/cpp_arduino_comm_usb': CMAKE_PREFIX_PATH=${CMAKE_PREFIX_PATH}:/opt/ros/iron CONDA_PROMPT_MODIFIER=(base) /home/curro/anaconda3/bin/cmake /home/curro/ROAR/ros2_ws/src/cpp_arduino_comm_usb -DCMAKE_INSTALL_PREFIX=/home/curro/ROAR/ros2_ws/install/cpp_arduino_comm_usb
[0.130s] -- The C compiler identification is GNU 11.4.0
[0.240s] -- The CXX compiler identification is GNU 11.4.0
[0.265s] -- Detecting C compiler ABI info
[0.324s] -- Detecting C compiler ABI info - done
[0.335s] -- Check for working C compiler: /usr/bin/cc - skipped
[0.335s] -- Detecting C compile features
[0.335s] -- Detecting C compile features - done
[0.346s] -- Detecting CXX compiler ABI info
[0.416s] -- Detecting CXX compiler ABI info - done
[0.427s] -- Check for working CXX compiler: /usr/bin/c++ - skipped
[0.427s] -- Detecting CXX compile features
[0.427s] -- Detecting CXX compile features - done
[0.429s] -- Found ament_cmake: 2.0.3 (/opt/ros/iron/share/ament_cmake/cmake)
[1.011s] -- Found Python3: /home/curro/anaconda3/bin/python3.11 (found version "3.11.4") found components: Interpreter 
[1.095s] -- Found rclcpp: 21.0.3 (/opt/ros/iron/share/rclcpp/cmake)
[1.181s] -- Found rosidl_generator_c: 4.0.1 (/opt/ros/iron/share/rosidl_generator_c/cmake)
[1.193s] -- Found rosidl_generator_cpp: 4.0.1 (/opt/ros/iron/share/rosidl_generator_cpp/cmake)
[1.210s] -- Using all available rosidl_typesupport_c: rosidl_typesupport_fastrtps_c;rosidl_typesupport_introspection_c
[1.231s] -- Using all available rosidl_typesupport_cpp: rosidl_typesupport_fastrtps_cpp;rosidl_typesupport_introspection_cpp
[1.404s] -- Found rmw_implementation_cmake: 7.1.0 (/opt/ros/iron/share/rmw_implementation_cmake/cmake)
[1.406s] -- Found rmw_fastrtps_cpp: 7.1.1 (/opt/ros/iron/share/rmw_fastrtps_cpp/cmake)
[1.538s] -- Found OpenSSL: /usr/lib/x86_64-linux-gnu/libcrypto.so (found version "3.0.2")  
[1.567s] -- Found FastRTPS: /opt/ros/iron/include  
[1.617s] -- Using RMW implementation 'rmw_fastrtps_cpp' as default
[1.803s] -- Found std_msgs: 5.0.0 (/opt/ros/iron/share/std_msgs/cmake)
[1.841s] -- Found ament_lint_auto: 0.14.2 (/opt/ros/iron/share/ament_lint_auto/cmake)
[1.954s] -- Added test 'cppcheck' to perform static code analysis on C / C++ code
[1.954s] -- Configured cppcheck include dirs: /home/curro/ROAR/ros2_ws/src/cpp_arduino_comm_usb/include
[1.954s] -- Configured cppcheck exclude dirs and/or files: 
[1.955s] -- Added test 'lint_cmake' to check CMake code style
[1.956s] -- Added test 'uncrustify' to check C / C++ code style
[1.956s] -- Configured uncrustify additional arguments: 
[1.956s] -- Added test 'xmllint' to check XML markup files
[1.957s] -- Configuring done (1.9s)
[1.969s] -- Generating done (0.0s)
[1.970s] -- Build files have been written to: /home/curro/ROAR/ros2_ws/build/cpp_arduino_comm_usb
[1.989s] Invoked command in '/home/curro/ROAR/ros2_ws/build/cpp_arduino_comm_usb' returned '0': CMAKE_PREFIX_PATH=${CMAKE_PREFIX_PATH}:/opt/ros/iron CONDA_PROMPT_MODIFIER=(base) /home/curro/anaconda3/bin/cmake /home/curro/ROAR/ros2_ws/src/cpp_arduino_comm_usb -DCMAKE_INSTALL_PREFIX=/home/curro/ROAR/ros2_ws/install/cpp_arduino_comm_usb
[1.992s] Invoking command in '/home/curro/ROAR/ros2_ws/build/cpp_arduino_comm_usb': CMAKE_PREFIX_PATH=${CMAKE_PREFIX_PATH}:/opt/ros/iron CONDA_PROMPT_MODIFIER=(base) /home/curro/anaconda3/bin/cmake --build /home/curro/ROAR/ros2_ws/build/cpp_arduino_comm_usb -- -j8 -l8
[2.043s] [ 50%] [32mBuilding CXX object CMakeFiles/arduino_communicator_node.dir/src/arduino_communicator_node.cpp.o[0m
[2.043s] [ 50%] [32mBuilding CXX object CMakeFiles/talker.dir/src/cpp_arduino_pub.cpp.o[0m
[5.597s] [ 75%] [32m[1mLinking CXX executable talker[0m
[5.727s] [100%] [32m[1mLinking CXX executable arduino_communicator_node[0m
[5.797s] [100%] Built target talker
[5.887s] /usr/bin/ld: CMakeFiles/arduino_communicator_node.dir/src/arduino_communicator_node.cpp.o: warning: relocation against `_ZTVN4roar7arduino23ArduinoCommunicatorNodeE' in read-only section `.text'
[5.905s] /usr/bin/ld: CMakeFiles/arduino_communicator_node.dir/src/arduino_communicator_node.cpp.o: in function `roar::arduino::ArduinoCommunicatorNode::ArduinoCommunicatorNode()':
[5.905s] arduino_communicator_node.cpp:(.text+0xf5): undefined reference to `vtable for roar::arduino::ArduinoCommunicatorNode'
[5.915s] /usr/bin/ld: warning: creating DT_TEXTREL in a PIE
[5.918s] collect2: error: ld returned 1 exit status
[5.920s] gmake[2]: *** [CMakeFiles/arduino_communicator_node.dir/build.make:174: arduino_communicator_node] Error 1
[5.920s] gmake[1]: *** [CMakeFiles/Makefile2:165: CMakeFiles/arduino_communicator_node.dir/all] Error 2
[5.920s] gmake: *** [Makefile:146: all] Error 2
[5.930s] Invoked command in '/home/curro/ROAR/ros2_ws/build/cpp_arduino_comm_usb' returned '2': CMAKE_PREFIX_PATH=${CMAKE_PREFIX_PATH}:/opt/ros/iron CONDA_PROMPT_MODIFIER=(base) /home/curro/anaconda3/bin/cmake --build /home/curro/ROAR/ros2_ws/build/cpp_arduino_comm_usb -- -j8 -l8
