In file included from [01m[K/home/curro/ROAR/ros2_ws/src/cpp_arduino_comm_usb/src/arduino_communicator_node.cpp:1[m[K:
[01m[K/home/curro/ROAR/ros2_ws/src/cpp_arduino_comm_usb/include/cpp_arduino_comm_usb/arduino_communicator_node.hpp:49:17:[m[K [01;31m[Kerror: [m[KISO C++ forbids declaration of â€˜[01m[Kp_publish_state[m[Kâ€™ with no type [[01;31m[K]8;;https://gcc.gnu.org/onlinedocs/gcc/Warning-Options.html#index-fpermissive-fpermissive]8;;[m[K]
   49 |                 [01;31m[Kp_publish_state[m[K(const roar_gokart_msgs::msg::VehicleStatus::SharedPtr latest_state );
      |                 [01;31m[K^~~~~~~~~~~~~~~[m[K
[01m[K/home/curro/ROAR/ros2_ws/src/cpp_arduino_comm_usb/src/arduino_communicator_node.cpp:[m[K In member function â€˜[01m[Kvoid roar::arduino::ArduinoCommunicatorNode::on_read_timer()[m[Kâ€™:
[01m[K/home/curro/ROAR/ros2_ws/src/cpp_arduino_comm_usb/src/arduino_communicator_node.cpp:77:18:[m[K [01;35m[Kwarning: [m[Kunused variable â€˜[01m[Kport[m[Kâ€™ [[01;35m[K]8;;https://gcc.gnu.org/onlinedocs/gcc/Warning-Options.html#index-Wunused-variable-Wunused-variable]8;;[m[K]
   77 |             auto [01;35m[Kport[m[K = this->get_parameter("port").as_int();
      |                  [01;35m[K^~~~[m[K
[01m[K/home/curro/ROAR/ros2_ws/src/cpp_arduino_comm_usb/src/arduino_communicator_node.cpp:[m[K In member function â€˜[01m[Kvoid roar::arduino::ArduinoCommunicatorNode::on_write_timer()[m[Kâ€™:
[01m[K/home/curro/ROAR/ros2_ws/src/cpp_arduino_comm_usb/src/arduino_communicator_node.cpp:151:17:[m[K [01;35m[Kwarning: [m[Kunused variable â€˜[01m[Kbytes_sent[m[Kâ€™ [[01;35m[K]8;;https://gcc.gnu.org/onlinedocs/gcc/Warning-Options.html#index-Wunused-variable-Wunused-variable]8;;[m[K]
  151 |             int [01;35m[Kbytes_sent[m[K = sendto(sock, json_string_data.c_str(), message.size(), 0, (struct sockaddr*)&server_address, sizeof(server_address));
      |                 [01;35m[K^~~~~~~~~~[m[K
[01m[K/home/curro/ROAR/ros2_ws/src/cpp_arduino_comm_usb/src/arduino_communicator_node.cpp:[m[K In member function â€˜[01m[Kroar_gokart_msgs::msg::VehicleStatus roar::arduino::ArduinoCommunicatorNode::p_dataToVehicleState(const string&)[m[Kâ€™:
[01m[K/home/curro/ROAR/ros2_ws/src/cpp_arduino_comm_usb/src/arduino_communicator_node.cpp:257:36:[m[K [01;35m[Kwarning: [m[Kformat â€˜[01m[K%d[m[Kâ€™ expects argument of type â€˜[01m[Kint[m[Kâ€™, but argument 2 has type â€˜[01m[Kdouble[m[Kâ€™ [[01;35m[K]8;;https://gcc.gnu.org/onlinedocs/gcc/Warning-Options.html#index-Wformat=-Wformat=]8;;[m[K]
  257 |                 printf("throttle: [01;35m[K%d[m[K\n", [32m[Kmodel.actuation.throttle[m[K);
      |                                   [01;35m[K~^[m[K     [32m[K~~~~~~~~~~~~~~~~~~~~~~~~[m[K
      |                                    [01;35m[K|[m[K                     [32m[K|[m[K
      |                                    [01;35m[Kint[m[K                   [32m[Kdouble[m[K
      |                                   [32m[K%f[m[K
[01m[K/home/curro/ROAR/ros2_ws/src/cpp_arduino_comm_usb/src/arduino_communicator_node.cpp:259:33:[m[K [01;35m[Kwarning: [m[Kformat â€˜[01m[K%d[m[Kâ€™ expects argument of type â€˜[01m[Kint[m[Kâ€™, but argument 2 has type â€˜[01m[Kdouble[m[Kâ€™ [[01;35m[K]8;;https://gcc.gnu.org/onlinedocs/gcc/Warning-Options.html#index-Wformat=-Wformat=]8;;[m[K]
  259 |                 printf("brake: [01;35m[K%d[m[K\n", [32m[Kmodel.actuation.brake[m[K);
      |                                [01;35m[K~^[m[K     [32m[K~~~~~~~~~~~~~~~~~~~~~[m[K
      |                                 [01;35m[K|[m[K                     [32m[K|[m[K
      |                                 [01;35m[Kint[m[K                   [32m[Kdouble[m[K
      |                                [32m[K%f[m[K
[01m[K/home/curro/ROAR/ros2_ws/src/cpp_arduino_comm_usb/src/arduino_communicator_node.cpp:[m[K At global scope:
[01m[K/home/curro/ROAR/ros2_ws/src/cpp_arduino_comm_usb/src/arduino_communicator_node.cpp:276:14:[m[K [01;31m[Kerror: [m[Kno declaration matches â€˜[01m[Kvoid roar::arduino::ArduinoCommunicatorNode::p_publish_state(roar_gokart_msgs::msg::VehicleStatus_<std::allocator<void> >::SharedPtr)[m[Kâ€™
  276 |         void [01;31m[KArduinoCommunicatorNode[m[K::p_publish_state(const roar_gokart_msgs::msg::VehicleStatus::SharedPtr latest_state_ ) {
      |              [01;31m[K^~~~~~~~~~~~~~~~~~~~~~~[m[K
In file included from [01m[K/home/curro/ROAR/ros2_ws/src/cpp_arduino_comm_usb/src/arduino_communicator_node.cpp:1[m[K:
[01m[K/home/curro/ROAR/ros2_ws/src/cpp_arduino_comm_usb/include/cpp_arduino_comm_usb/arduino_communicator_node.hpp:49:17:[m[K [01;36m[Knote: [m[Kcandidate is: â€˜[01m[Kint roar::arduino::ArduinoCommunicatorNode::p_publish_state(roar_gokart_msgs::msg::VehicleStatus_<std::allocator<void> >::SharedPtr)[m[Kâ€™
   49 |                 [01;36m[Kp_publish_state[m[K(const roar_gokart_msgs::msg::VehicleStatus::SharedPtr latest_state );
      |                 [01;36m[K^~~~~~~~~~~~~~~[m[K
[01m[K/home/curro/ROAR/ros2_ws/src/cpp_arduino_comm_usb/include/cpp_arduino_comm_usb/arduino_communicator_node.hpp:27:15:[m[K [01;36m[Knote: [m[Kâ€˜[01m[Kclass roar::arduino::ArduinoCommunicatorNode[m[Kâ€™ defined here
   27 |         class [01;36m[KArduinoCommunicatorNode[m[K:  public rclcpp::Node
      |               [01;36m[K^~~~~~~~~~~~~~~~~~~~~~~[m[K
gmake[2]: *** [CMakeFiles/arduino_communicator_node.dir/build.make:76: CMakeFiles/arduino_communicator_node.dir/src/arduino_communicator_node.cpp.o] Error 1
gmake[1]: *** [CMakeFiles/Makefile2:137: CMakeFiles/arduino_communicator_node.dir/all] Error 2
gmake: *** [Makefile:146: all] Error 2
