[0.011s] Invoking command in '/home/curro/ROAR/ros2_ws/build/cpp_arduino_comm_usb': CMAKE_PREFIX_PATH=/home/curro/ROAR/ros2_ws/install/roar_gokart_msgs:/home/curro/ROAR/ros2_ws/install/cpp_hello_udp:/home/curro/ROAR/ros2_ws/install/cpp_arduino_comm_usb:/opt/ros/iron CONDA_PROMPT_MODIFIER=(base) /home/curro/anaconda3/bin/cmake --build /home/curro/ROAR/ros2_ws/build/cpp_arduino_comm_usb -- -j8 -l8
[0.069s] [ 50%] [32mBuilding CXX object CMakeFiles/arduino_communicator_node.dir/src/arduino_communicator_node.cpp.o[0m
[2.217s] [01m[K/home/curro/ROAR/ros2_ws/src/cpp_arduino_comm_usb/src/arduino_communicator_node.cpp:[m[K In member function â€˜[01m[Kvoid roar::arduino::ArduinoCommunicatorNode::on_read_timer()[m[Kâ€™:
[2.217s] [01m[K/home/curro/ROAR/ros2_ws/src/cpp_arduino_comm_usb/src/arduino_communicator_node.cpp:98:102:[m[K [01;31m[Kerror: [m[Kâ€˜[01m[Kserver_address[m[Kâ€™ was not declared in this scope
[2.217s]    98 |                 int bytes_sent = sendto(sock, message.c_str(), message.size(), 0, (struct sockaddr*)&[01;31m[Kserver_address[m[K, sizeof(server_address));
[2.217s]       |                                                                                                      [01;31m[K^~~~~~~~~~~~~~[m[K
[2.218s] [01m[K/home/curro/ROAR/ros2_ws/src/cpp_arduino_comm_usb/src/arduino_communicator_node.cpp:91:18:[m[K [01;35m[Kwarning: [m[Kunused variable â€˜[01m[Kport[m[Kâ€™ [[01;35m[K]8;;https://gcc.gnu.org/onlinedocs/gcc/Warning-Options.html#index-Wunused-variable-Wunused-variable]8;;[m[K]
[2.218s]    91 |             auto [01;35m[Kport[m[K = this->get_parameter("port").as_int();
[2.218s]       |                  [01;35m[K^~~~[m[K
[2.218s] [01m[K/home/curro/ROAR/ros2_ws/src/cpp_arduino_comm_usb/src/arduino_communicator_node.cpp:[m[K In member function â€˜[01m[Kvoid roar::arduino::ArduinoCommunicatorNode::on_write_timer()[m[Kâ€™:
[2.218s] [01m[K/home/curro/ROAR/ros2_ws/src/cpp_arduino_comm_usb/src/arduino_communicator_node.cpp:155:18:[m[K [01;35m[Kwarning: [m[Kunused variable â€˜[01m[Kport[m[Kâ€™ [[01;35m[K]8;;https://gcc.gnu.org/onlinedocs/gcc/Warning-Options.html#index-Wunused-variable-Wunused-variable]8;;[m[K]
[2.218s]   155 |             auto [01;35m[Kport[m[K = this->get_parameter("port").as_int();
[2.219s]       |                  [01;35m[K^~~~[m[K
[2.219s] [01m[K/home/curro/ROAR/ros2_ws/src/cpp_arduino_comm_usb/src/arduino_communicator_node.cpp:[m[K In member function â€˜[01m[Kvoid roar::arduino::ArduinoCommunicatorNode::on_command(roar_gokart_msgs::msg::EgoVehicleControl_<std::allocator<void> >::SharedPtr)[m[Kâ€™:
[2.219s] [01m[K/home/curro/ROAR/ros2_ws/src/cpp_arduino_comm_usb/src/arduino_communicator_node.cpp:161:108:[m[K [01;35m[Kwarning: [m[Kunused parameter â€˜[01m[Kmsg[m[Kâ€™ [[01;35m[K]8;;https://gcc.gnu.org/onlinedocs/gcc/Warning-Options.html#index-Wunused-parameter-Wunused-parameter]8;;[m[K]
[2.219s]   161 |         void ArduinoCommunicatorNode::on_command([01;35m[Kconst roar_gokart_msgs::msg::EgoVehicleControl::SharedPtr msg[m[K) {
[2.219s]       |                                                  [01;35m[K~~~~~~~~~~~~~~~~~~~~~~~~~~~~~~~~~~~~~~~~~~~~~~~~~~~~~~~~~~^~~[m[K
[4.008s] gmake[2]: *** [CMakeFiles/arduino_communicator_node.dir/build.make:76: CMakeFiles/arduino_communicator_node.dir/src/arduino_communicator_node.cpp.o] Error 1
[4.009s] gmake[1]: *** [CMakeFiles/Makefile2:137: CMakeFiles/arduino_communicator_node.dir/all] Error 2
[4.009s] gmake: *** [Makefile:146: all] Error 2
[4.020s] Invoked command in '/home/curro/ROAR/ros2_ws/build/cpp_arduino_comm_usb' returned '2': CMAKE_PREFIX_PATH=/home/curro/ROAR/ros2_ws/install/roar_gokart_msgs:/home/curro/ROAR/ros2_ws/install/cpp_hello_udp:/home/curro/ROAR/ros2_ws/install/cpp_arduino_comm_usb:/opt/ros/iron CONDA_PROMPT_MODIFIER=(base) /home/curro/anaconda3/bin/cmake --build /home/curro/ROAR/ros2_ws/build/cpp_arduino_comm_usb -- -j8 -l8
