[01m[K/home/curro/ROAR/ros2_ws/src/arduino_comm_cpp/src/arduino_comm_node.cpp:[m[K In member function â€˜[01m[Kvoid roar::arduino::ArduinoCommunicatorNode::on_read_timer()[m[Kâ€™:
[01m[K/home/curro/ROAR/ros2_ws/src/arduino_comm_cpp/src/arduino_comm_node.cpp:65:27:[m[K [01;31m[Kerror: [m[Kexpected â€˜[01m[K;[m[Kâ€™ before â€˜[01m[Kauto[m[Kâ€™
   65 |             printf("HOLA")
      |                           [01;31m[K^[m[K
      |                           [32m[K;[m[K
   66 |             // Record the start time
   67 |             [32m[Kauto[m[K start_time = std::chrono::high_resolution_clock::now();
      |             [32m[K~~~~[m[K           
[01m[K/home/curro/ROAR/ros2_ws/src/arduino_comm_cpp/src/arduino_comm_node.cpp:105:98:[m[K [01;31m[Kerror: [m[Kâ€˜[01m[Kstart_time[m[Kâ€™ was not declared in this scope; did you mean â€˜[01m[Kstrptime[m[Kâ€™?
  105 | hrono::duration_cast<std::chrono::milliseconds>(end_time - [01;31m[Kstart_time[m[K);
      |                                                            [01;31m[K^~~~~~~~~~[m[K
      |                                                            [32m[Kstrptime[m[K
gmake[2]: *** [CMakeFiles/arduino_comm_node.dir/build.make:76: CMakeFiles/arduino_comm_node.dir/src/arduino_comm_node.cpp.o] Error 1
gmake[1]: *** [CMakeFiles/Makefile2:137: CMakeFiles/arduino_comm_node.dir/all] Error 2
gmake: *** [Makefile:146: all] Error 2
