[0.014s] Invoking command in '/home/curro/ROAR/ros2_ws/build/arduino_comm_cpp': CMAKE_PREFIX_PATH=/home/curro/ROAR/ros2_ws/install/roar_gokart_msgs:/home/curro/ROAR/ros2_ws/install/cpp_hello_udp:/home/curro/ROAR/ros2_ws/install/cpp_arduino_comm_usb:/home/curro/ROAR/ros2_ws/install/cpp_arduino_comm:/home/curro/ROAR/ros2_ws/install/arduino_comm_cpp:/home/curro/ROAR/ros2_ws/install/arduino_comm:/opt/ros/iron CONDA_PROMPT_MODIFIER=(base) /home/curro/anaconda3/bin/cmake --build /home/curro/ROAR/ros2_ws/build/arduino_comm_cpp -- -j8 -l8
[0.095s] [ 50%] [32mBuilding CXX object CMakeFiles/arduino_comm_node.dir/src/arduino_comm_node.cpp.o[0m
[3.398s] [01m[K/home/curro/ROAR/ros2_ws/src/arduino_comm_cpp/src/arduino_comm_node.cpp:[m[K In member function â€˜[01m[Kvoid roar::arduino::ArduinoCommunicatorNode::on_read_timer()[m[Kâ€™:
[3.398s] [01m[K/home/curro/ROAR/ros2_ws/src/arduino_comm_cpp/src/arduino_comm_node.cpp:65:27:[m[K [01;31m[Kerror: [m[Kexpected â€˜[01m[K;[m[Kâ€™ before â€˜[01m[Kauto[m[Kâ€™
[3.399s]    65 |             printf("HOLA")
[3.399s]       |                           [01;31m[K^[m[K
[3.399s]       |                           [32m[K;[m[K
[3.399s]    66 |             // Record the start time
[3.399s]    67 |             [32m[Kauto[m[K start_time = std::chrono::high_resolution_clock::now();
[3.399s]       |             [32m[K~~~~[m[K           
[3.410s] [01m[K/home/curro/ROAR/ros2_ws/src/arduino_comm_cpp/src/arduino_comm_node.cpp:105:98:[m[K [01;31m[Kerror: [m[Kâ€˜[01m[Kstart_time[m[Kâ€™ was not declared in this scope; did you mean â€˜[01m[Kstrptime[m[Kâ€™?
[3.410s]   105 | hrono::duration_cast<std::chrono::milliseconds>(end_time - [01;31m[Kstart_time[m[K);
[3.410s]       |                                                            [01;31m[K^~~~~~~~~~[m[K
[3.410s]       |                                                            [32m[Kstrptime[m[K
[6.258s] gmake[2]: *** [CMakeFiles/arduino_comm_node.dir/build.make:76: CMakeFiles/arduino_comm_node.dir/src/arduino_comm_node.cpp.o] Error 1
[6.258s] gmake[1]: *** [CMakeFiles/Makefile2:137: CMakeFiles/arduino_comm_node.dir/all] Error 2
[6.259s] gmake: *** [Makefile:146: all] Error 2
[6.271s] Invoked command in '/home/curro/ROAR/ros2_ws/build/arduino_comm_cpp' returned '2': CMAKE_PREFIX_PATH=/home/curro/ROAR/ros2_ws/install/roar_gokart_msgs:/home/curro/ROAR/ros2_ws/install/cpp_hello_udp:/home/curro/ROAR/ros2_ws/install/cpp_arduino_comm_usb:/home/curro/ROAR/ros2_ws/install/cpp_arduino_comm:/home/curro/ROAR/ros2_ws/install/arduino_comm_cpp:/home/curro/ROAR/ros2_ws/install/arduino_comm:/opt/ros/iron CONDA_PROMPT_MODIFIER=(base) /home/curro/anaconda3/bin/cmake --build /home/curro/ROAR/ros2_ws/build/arduino_comm_cpp -- -j8 -l8
