[01m[K/home/curro/ROAR/ros2_ws/src/cpp_arduino_comm_usb/src/arduino_communicator_node.cpp:[m[K In constructor â€˜[01m[Kroar::arduino::ArduinoCommunicatorNode::ArduinoCommunicatorNode()[m[Kâ€™:
[01m[K/home/curro/ROAR/ros2_ws/src/cpp_arduino_comm_usb/src/arduino_communicator_node.cpp:61:13:[m[K [01;31m[Kerror: [m[Kâ€˜[01m[Karduino_ip[m[Kâ€™ was not declared in this scope; did you mean â€˜[01m[Karduino[m[Kâ€™?
   61 |             [01;31m[Karduino_ip[m[K.s_addr = inet_addr("10.0.0.9");
      |             [01;31m[K^~~~~~~~~~[m[K
      |             [32m[Karduino[m[K
[01m[K/home/curro/ROAR/ros2_ws/src/cpp_arduino_comm_usb/src/arduino_communicator_node.cpp:65:45:[m[K [01;31m[Kerror: [m[Kâ€˜[01m[Karduino_port[m[Kâ€™ was not declared in this scope
   65 |             server_address.sin_port = htons([01;31m[Karduino_port[m[K);
      |                                             [01;31m[K^~~~~~~~~~~~[m[K
[01m[K/home/curro/ROAR/ros2_ws/src/cpp_arduino_comm_usb/src/arduino_communicator_node.cpp:[m[K In member function â€˜[01m[Kvoid roar::arduino::ArduinoCommunicatorNode::on_read_timer()[m[Kâ€™:
[01m[K/home/curro/ROAR/ros2_ws/src/cpp_arduino_comm_usb/src/arduino_communicator_node.cpp:93:102:[m[K [01;31m[Kerror: [m[Kâ€˜[01m[Kserver_address[m[Kâ€™ was not declared in this scope
   93 |                 int bytes_sent = sendto(sock, message.c_str(), message.size(), 0, (struct sockaddr*)&[01;31m[Kserver_address[m[K, sizeof(server_address));
      |                                                                                                      [01;31m[K^~~~~~~~~~~~~~[m[K
[01m[K/home/curro/ROAR/ros2_ws/src/cpp_arduino_comm_usb/src/arduino_communicator_node.cpp:88:18:[m[K [01;35m[Kwarning: [m[Kunused variable â€˜[01m[Kport[m[Kâ€™ [[01;35m[K]8;;https://gcc.gnu.org/onlinedocs/gcc/Warning-Options.html#index-Wunused-variable-Wunused-variable]8;;[m[K]
   88 |             auto [01;35m[Kport[m[K = this->get_parameter("port").as_int();
      |                  [01;35m[K^~~~[m[K
[01m[K/home/curro/ROAR/ros2_ws/src/cpp_arduino_comm_usb/src/arduino_communicator_node.cpp:[m[K In member function â€˜[01m[Kvoid roar::arduino::ArduinoCommunicatorNode::on_write_timer()[m[Kâ€™:
[01m[K/home/curro/ROAR/ros2_ws/src/cpp_arduino_comm_usb/src/arduino_communicator_node.cpp:150:18:[m[K [01;35m[Kwarning: [m[Kunused variable â€˜[01m[Kport[m[Kâ€™ [[01;35m[K]8;;https://gcc.gnu.org/onlinedocs/gcc/Warning-Options.html#index-Wunused-variable-Wunused-variable]8;;[m[K]
  150 |             auto [01;35m[Kport[m[K = this->get_parameter("port").as_int();
      |                  [01;35m[K^~~~[m[K
[01m[K/home/curro/ROAR/ros2_ws/src/cpp_arduino_comm_usb/src/arduino_communicator_node.cpp:[m[K In member function â€˜[01m[Kvoid roar::arduino::ArduinoCommunicatorNode::on_command(roar_gokart_msgs::msg::EgoVehicleControl_<std::allocator<void> >::SharedPtr)[m[Kâ€™:
[01m[K/home/curro/ROAR/ros2_ws/src/cpp_arduino_comm_usb/src/arduino_communicator_node.cpp:156:108:[m[K [01;35m[Kwarning: [m[Kunused parameter â€˜[01m[Kmsg[m[Kâ€™ [[01;35m[K]8;;https://gcc.gnu.org/onlinedocs/gcc/Warning-Options.html#index-Wunused-parameter-Wunused-parameter]8;;[m[K]
  156 |         void ArduinoCommunicatorNode::on_command([01;35m[Kconst roar_gokart_msgs::msg::EgoVehicleControl::SharedPtr msg[m[K) {
      |                                                  [01;35m[K~~~~~~~~~~~~~~~~~~~~~~~~~~~~~~~~~~~~~~~~~~~~~~~~~~~~~~~~~~^~~[m[K
gmake[2]: *** [CMakeFiles/arduino_communicator_node.dir/build.make:76: CMakeFiles/arduino_communicator_node.dir/src/arduino_communicator_node.cpp.o] Error 1
gmake[1]: *** [CMakeFiles/Makefile2:137: CMakeFiles/arduino_communicator_node.dir/all] Error 2
gmake: *** [Makefile:146: all] Error 2
